<?xml version="1.0" encoding="UTF-8"?>
<!-- Generated by org.testng.reporters.JUnitXMLReporter -->
<testsuite hostname="Nimis3149311-01" ignored="0" name="Regression1" tests="2" failures="1" timestamp="08 Feb 2019 10:08:56 GMT" time="1.701" errors="0">
  <testcase name="testcase1" time="1.655" classname="com.nagarro.test.TestCaseClass">
    <failure type="java.lang.AssertionError" message="expected [23] but found [12]">
      <![CDATA[java.lang.AssertionError: expected [23] but found [12]at myProject.AsserUtils.assertEquals(AsserUtils.java:14)at com.nagarro.test.TestCaseClass.testcase1(TestCaseClass.java:34)... Removed 34 stack frames]]>
    </failure>
  </testcase> <!-- testcase1 -->
  <testcase name="testcase2" time="0.0" classname="com.nagarro.test.TestCaseClass"/>
</testsuite> <!-- Regression1 -->
